<?xml version="1.0" encoding="UTF-8"?>
<coverage generated="1666972991727" clover="3.2.0">
  <project timestamp="1666972991727" name="All files">
    <metrics statements="7" coveredstatements="4" conditionals="2" coveredconditionals="1" methods="1" coveredmethods="1" elements="10" coveredelements="6" complexity="0" loc="7" ncloc="7" packages="1" files="1" classes="1"/>
    <file name="cepService.ts" path="/home/fernanda/Documents/busca-cep-back/src/services/cepService.ts">
      <metrics statements="7" coveredstatements="4" conditionals="2" coveredconditionals="1" methods="1" coveredmethods="1"/>
      <line num="3" count="1" type="stmt"/>
      <line num="6" count="2" type="stmt"/>
      <line num="8" count="2" type="cond" truecount="1" falsecount="0"/>
      <line num="9" count="2" type="stmt"/>
      <line num="12" count="0" type="cond" truecount="0" falsecount="1"/>
      <line num="13" count="0" type="stmt"/>
      <line num="16" count="0" type="stmt"/>
    </file>
  </project>
</coverage>
